#
# There is insufficient memory for the Java Runtime Environment to continue.
# Native memory allocation (malloc) failed to allocate 1059776 bytes for Chunk::new
# Possible reasons:
#   The system is out of physical RAM or swap space
#   The process is running with CompressedOops enabled, and the Java Heap may be blocking the growth of the native heap
# Possible solutions:
#   Reduce memory load on the system
#   Increase physical memory or swap space
#   Check if swap backing store is full
#   Decrease Java heap size (-Xmx/-Xms)
#   Decrease number of Java threads
#   Decrease Java thread stack sizes (-Xss)
#   Set larger code cache with -XX:ReservedCodeCacheSize=
#   JVM is running with Unscaled Compressed Oops mode in which the Java heap is
#     placed in the first 4GB address space. The Java Heap base address is the
#     maximum limit for the native heap growth. Please use -XX:HeapBaseMinAddress
#     to set the Java Heap base and to place the Java Heap above 4GB virtual address.
# This output file may be truncated or incomplete.
#
#  Out of Memory Error (allocation.cpp:389), pid=11824, tid=0x0000000000002a44
#
# JRE version: Java(TM) SE Runtime Environment (8.0_261-b12) (build 1.8.0_261-b12)
# Java VM: Java HotSpot(TM) 64-Bit Server VM (25.261-b12 mixed mode windows-amd64 compressed oops)
# Failed to write core dump. Minidumps are not enabled by default on client versions of Windows
#

---------------  T H R E A D  ---------------

Current thread (0x00000170e0c8e800):  JavaThread "C2 CompilerThread0" daemon [_thread_in_native, id=10820, stack(0x0000002b56000000,0x0000002b56100000)]

Stack: [0x0000002b56000000,0x0000002b56100000]
Native frames: (J=compiled Java code, j=interpreted, Vv=VM code, C=native code)
V  [jvm.dll+0x33e5f9]
V  [jvm.dll+0x2850e2]
V  [jvm.dll+0x285d8d]
V  [jvm.dll+0x27c895]
V  [jvm.dll+0xe4d6c]
V  [jvm.dll+0xe556c]
V  [jvm.dll+0x461812]
V  [jvm.dll+0x49cc3d]
V  [jvm.dll+0x4518c1]
V  [jvm.dll+0x44eb84]
V  [jvm.dll+0x439bc7]
V  [jvm.dll+0xbbbcb]
V  [jvm.dll+0xba22b]
V  [jvm.dll+0x24d962]
V  [jvm.dll+0x2a1cfc]
C  [ucrtbase.dll+0x214c2]
C  [KERNEL32.DLL+0x17034]
C  [ntdll.dll+0x4cec1]


Current CompileTask:
C2:1568694 7698       4       org.objectweb.asm.ClassReader::a (3351 bytes)


---------------  P R O C E S S  ---------------

Java Threads: ( => current thread )
  0x00000170e0ca3000 JavaThread "Stdin handler" [_thread_blocked, id=7468, stack(0x0000002b56a00000,0x0000002b56b00000)]
  0x00000170e7d11800 JavaThread "Asynchronous log dispatcher for DefaultDaemonConnection: socket connection from /127.0.0.1:60853 to /127.0.0.1:61245" [_thread_blocked, id=10048, stack(0x0000002b56900000,0x0000002b56a00000)]
  0x00000170e7d15000 JavaThread "Daemon worker Thread 3" [_thread_in_native, id=14320, stack(0x0000002b56800000,0x0000002b56900000)]
  0x00000170e7d13800 JavaThread "Cancel handler" [_thread_blocked, id=3820, stack(0x0000002b55500000,0x0000002b55600000)]
  0x00000170e7d0e800 JavaThread "Handler for socket connection from /127.0.0.1:60853 to /127.0.0.1:61245" [_thread_in_native, id=5488, stack(0x0000002b55400000,0x0000002b55500000)]
  0x00000170e7d14800 JavaThread "Daemon Thread 3" [_thread_blocked, id=10432, stack(0x0000002b55300000,0x0000002b55400000)]
  0x00000170e7d10000 JavaThread "Memory manager" [_thread_blocked, id=2696, stack(0x0000002b56d00000,0x0000002b56e00000)]
  0x00000170e0ca6000 JavaThread "Cache worker for Artifact transforms cache (C:\Users\Isaac\.gradle\caches\transforms-1)" [_thread_blocked, id=7912, stack(0x0000002b57000000,0x0000002b57100000)]
  0x00000170e0ca9000 JavaThread "File lock request listener" [_thread_in_native, id=10324, stack(0x0000002b56f00000,0x0000002b57000000)]
  0x00000170e0ca7800 JavaThread "Cache worker for file hash cache (C:\Users\Isaac\.gradle\caches\3.5\fileHashes)" [_thread_blocked, id=3464, stack(0x0000002b56e00000,0x0000002b56f00000)]
  0x00000170e2a1f000 JavaThread "Daemon periodic checks" [_thread_blocked, id=12712, stack(0x0000002b56700000,0x0000002b56800000)]
  0x00000170e3391000 JavaThread "Incoming local TCP Connector on port 60853" [_thread_in_native, id=3120, stack(0x0000002b56600000,0x0000002b56700000)]
  0x00000170e3392000 JavaThread "Daemon health stats" [_thread_blocked, id=7200, stack(0x0000002b56500000,0x0000002b56600000)]
  0x00000170e0d1d800 JavaThread "Service Thread" daemon [_thread_blocked, id=14072, stack(0x0000002b56300000,0x0000002b56400000)]
  0x00000170e0caa000 JavaThread "C1 CompilerThread2" daemon [_thread_blocked, id=11400, stack(0x0000002b56200000,0x0000002b56300000)]
  0x00000170e0c96800 JavaThread "C2 CompilerThread1" daemon [_thread_in_native, id=7188, stack(0x0000002b56100000,0x0000002b56200000)]
=>0x00000170e0c8e800 JavaThread "C2 CompilerThread0" daemon [_thread_in_native, id=10820, stack(0x0000002b56000000,0x0000002b56100000)]
  0x00000170e0c8b000 JavaThread "Attach Listener" daemon [_thread_blocked, id=6456, stack(0x0000002b55f00000,0x0000002b56000000)]
  0x00000170e0c8a000 JavaThread "Signal Dispatcher" daemon [_thread_blocked, id=6768, stack(0x0000002b55e00000,0x0000002b55f00000)]
  0x00000170e0534800 JavaThread "Finalizer" daemon [_thread_blocked, id=3792, stack(0x0000002b55d00000,0x0000002b55e00000)]
  0x00000170e0c76000 JavaThread "Reference Handler" daemon [_thread_blocked, id=972, stack(0x0000002b55c00000,0x0000002b55d00000)]
  0x00000170cc90e000 JavaThread "main" [_thread_blocked, id=8904, stack(0x0000002b55600000,0x0000002b55700000)]

Other Threads:
  0x00000170e0c52800 VMThread [stack: 0x0000002b55b00000,0x0000002b55c00000] [id=5644]
  0x00000170e0d0f800 WatcherThread [stack: 0x0000002b56400000,0x0000002b56500000] [id=13032]

VM state:not at safepoint (normal execution)

VM Mutex/Monitor currently owned by a thread: None

heap address: 0x00000000c0000000, size: 1024 MB, Compressed Oops mode: 32-bit
Narrow klass base: 0x0000000000000000, Narrow klass shift: 3
Compressed class space size: 1073741824 Address: 0x0000000100000000

Heap:
 PSYoungGen      total 271360K, used 199193K [0x00000000eab00000, 0x00000000fca00000, 0x0000000100000000)
  eden space 258048K, 72% used [0x00000000eab00000,0x00000000f608e6b8,0x00000000fa700000)
  from space 13312K, 99% used [0x00000000fb900000,0x00000000fc5f8010,0x00000000fc600000)
  to   space 17920K, 0% used [0x00000000fa700000,0x00000000fa700000,0x00000000fb880000)
 ParOldGen       total 116736K, used 22401K [0x00000000c0000000, 0x00000000c7200000, 0x00000000eab00000)
  object space 116736K, 19% used [0x00000000c0000000,0x00000000c15e05e0,0x00000000c7200000)
 Metaspace       used 50629K, capacity 52222K, committed 52568K, reserved 1093632K
  class space    used 6926K, capacity 7459K, committed 7552K, reserved 1048576K

Card table byte_map: [0x00000170dd6d0000,0x00000170dd8e0000] byte_map_base: 0x00000170dd0d0000

Marking Bits: (ParMarkBitMap*) 0x0000000067a24fb0
 Begin Bits: [0x00000170dda40000, 0x00000170dea40000)
 End Bits:   [0x00000170dea40000, 0x00000170dfa40000)

Polling page: 0x00000170cca40000

CodeCache: size=245760Kb used=23174Kb max_used=23501Kb free=222585Kb
 bounds [0x00000170ce310000, 0x00000170cfa30000, 0x00000170dd310000]
 total_blobs=7362 nmethods=6646 adapters=628
 compilation: enabled

Compilation events (10 events):
Event: 1568.657 Thread 0x00000170e0caa000 nmethod 7747 0x00000170ce8959d0 code [0x00000170ce895b40, 0x00000170ce895e90]
Event: 1568.657 Thread 0x00000170e0caa000 7748       1       org.gradle.internal.metaobject.InvokeMethodResult::getResult (5 bytes)
Event: 1568.657 Thread 0x00000170e0caa000 nmethod 7748 0x00000170cef5bb10 code [0x00000170cef5bc60, 0x00000170cef5bd78]
Event: 1568.660 Thread 0x00000170e0c96800 nmethod 7710 0x00000170ced9ccd0 code [0x00000170ced9d0a0, 0x00000170ced9f7b0]
Event: 1568.660 Thread 0x00000170e0c96800 7724       4       java.io.File::<init> (47 bytes)
Event: 1568.662 Thread 0x00000170e0c96800 nmethod 7724 0x00000170cf5614d0 code [0x00000170cf561620, 0x00000170cf561888]
Event: 1568.662 Thread 0x00000170e0c96800 7721       4       java.lang.CharacterDataLatin1::isJavaIdentifierPart (20 bytes)
Event: 1568.663 Thread 0x00000170e0c96800 nmethod 7721 0x00000170cf055750 code [0x00000170cf055880, 0x00000170cf055918]
Event: 1568.663 Thread 0x00000170e0c96800 7738       4       java.lang.Boolean::valueOf (14 bytes)
Event: 1568.663 Thread 0x00000170e0c96800 nmethod 7738 0x00000170ce5fc350 code [0x00000170ce5fc480, 0x00000170ce5fc4d8]

GC Heap History (10 events):
Event: 4.552 GC heap before
{Heap before GC invocations=6 (full 1):
 PSYoungGen      total 102400K, used 102195K [0x00000000eab00000, 0x00000000f3480000, 0x0000000100000000)
  eden space 94720K, 100% used [0x00000000eab00000,0x00000000f0780000,0x00000000f0780000)
  from space 7680K, 97% used [0x00000000f2d00000,0x00000000f344cd60,0x00000000f3480000)
  to   space 10240K, 0% used [0x00000000f2080000,0x00000000f2080000,0x00000000f2a80000)
 ParOldGen       total 97792K, used 8765K [0x00000000c0000000, 0x00000000c5f80000, 0x00000000eab00000)
  object space 97792K, 8% used [0x00000000c0000000,0x00000000c088f4d0,0x00000000c5f80000)
 Metaspace       used 34641K, capacity 35306K, committed 35416K, reserved 1079296K
  class space    used 4727K, capacity 4984K, committed 4992K, reserved 1048576K
Event: 4.561 GC heap after
Heap after GC invocations=6 (full 1):
 PSYoungGen      total 130560K, used 10238K [0x00000000eab00000, 0x00000000f5080000, 0x0000000100000000)
  eden space 120320K, 0% used [0x00000000eab00000,0x00000000eab00000,0x00000000f2080000)
  from space 10240K, 99% used [0x00000000f2080000,0x00000000f2a7f8f0,0x00000000f2a80000)
  to   space 13312K, 0% used [0x00000000f4380000,0x00000000f4380000,0x00000000f5080000)
 ParOldGen       total 97792K, used 11529K [0x00000000c0000000, 0x00000000c5f80000, 0x00000000eab00000)
  object space 97792K, 11% used [0x00000000c0000000,0x00000000c0b424b0,0x00000000c5f80000)
 Metaspace       used 34641K, capacity 35306K, committed 35416K, reserved 1079296K
  class space    used 4727K, capacity 4984K, committed 4992K, reserved 1048576K
}
Event: 4.567 GC heap before
{Heap before GC invocations=7 (full 1):
 PSYoungGen      total 130560K, used 12351K [0x00000000eab00000, 0x00000000f5080000, 0x0000000100000000)
  eden space 120320K, 1% used [0x00000000eab00000,0x00000000ead104d8,0x00000000f2080000)
  from space 10240K, 99% used [0x00000000f2080000,0x00000000f2a7f8f0,0x00000000f2a80000)
  to   space 13312K, 0% used [0x00000000f4380000,0x00000000f4380000,0x00000000f5080000)
 ParOldGen       total 97792K, used 11529K [0x00000000c0000000, 0x00000000c5f80000, 0x00000000eab00000)
  object space 97792K, 11% used [0x00000000c0000000,0x00000000c0b424b0,0x00000000c5f80000)
 Metaspace       used 34668K, capacity 35376K, committed 35416K, reserved 1079296K
  class space    used 4731K, capacity 4985K, committed 4992K, reserved 1048576K
Event: 4.572 GC heap after
Heap after GC invocations=7 (full 1):
 PSYoungGen      total 156160K, used 8100K [0x00000000eab00000, 0x00000000fa780000, 0x0000000100000000)
  eden space 142848K, 0% used [0x00000000eab00000,0x00000000eab00000,0x00000000f3680000)
  from space 13312K, 60% used [0x00000000f4380000,0x00000000f4b690c0,0x00000000f5080000)
  to   space 13312K, 0% used [0x00000000f3680000,0x00000000f3680000,0x00000000f4380000)
 ParOldGen       total 97792K, used 11537K [0x00000000c0000000, 0x00000000c5f80000, 0x00000000eab00000)
  object space 97792K, 11% used [0x00000000c0000000,0x00000000c0b444b0,0x00000000c5f80000)
 Metaspace       used 34668K, capacity 35376K, committed 35416K, reserved 1079296K
  class space    used 4731K, capacity 4985K, committed 4992K, reserved 1048576K
}
Event: 4.572 GC heap before
{Heap before GC invocations=8 (full 2):
 PSYoungGen      total 156160K, used 8100K [0x00000000eab00000, 0x00000000fa780000, 0x0000000100000000)
  eden space 142848K, 0% used [0x00000000eab00000,0x00000000eab00000,0x00000000f3680000)
  from space 13312K, 60% used [0x00000000f4380000,0x00000000f4b690c0,0x00000000f5080000)
  to   space 13312K, 0% used [0x00000000f3680000,0x00000000f3680000,0x00000000f4380000)
 ParOldGen       total 97792K, used 11537K [0x00000000c0000000, 0x00000000c5f80000, 0x00000000eab00000)
  object space 97792K, 11% used [0x00000000c0000000,0x00000000c0b444b0,0x00000000c5f80000)
 Metaspace       used 34668K, capacity 35376K, committed 35416K, reserved 1079296K
  class space    used 4731K, capacity 4985K, committed 4992K, reserved 1048576K
Event: 4.631 GC heap after
Heap after GC invocations=8 (full 2):
 PSYoungGen      total 156160K, used 0K [0x00000000eab00000, 0x00000000fa780000, 0x0000000100000000)
  eden space 142848K, 0% used [0x00000000eab00000,0x00000000eab00000,0x00000000f3680000)
  from space 13312K, 0% used [0x00000000f4380000,0x00000000f4380000,0x00000000f5080000)
  to   space 13312K, 0% used [0x00000000f3680000,0x00000000f3680000,0x00000000f4380000)
 ParOldGen       total 116736K, used 14607K [0x00000000c0000000, 0x00000000c7200000, 0x00000000eab00000)
  object space 116736K, 12% used [0x00000000c0000000,0x00000000c0e43c30,0x00000000c7200000)
 Metaspace       used 34620K, capacity 35242K, committed 35416K, reserved 1079296K
  class space    used 4717K, capacity 4939K, committed 4992K, reserved 1048576K
}
Event: 133.438 GC heap before
{Heap before GC invocations=9 (full 2):
 PSYoungGen      total 156160K, used 142848K [0x00000000eab00000, 0x00000000fa780000, 0x0000000100000000)
  eden space 142848K, 100% used [0x00000000eab00000,0x00000000f3680000,0x00000000f3680000)
  from space 13312K, 0% used [0x00000000f4380000,0x00000000f4380000,0x00000000f5080000)
  to   space 13312K, 0% used [0x00000000f3680000,0x00000000f3680000,0x00000000f4380000)
 ParOldGen       total 116736K, used 14607K [0x00000000c0000000, 0x00000000c7200000, 0x00000000eab00000)
  object space 116736K, 12% used [0x00000000c0000000,0x00000000c0e43c30,0x00000000c7200000)
 Metaspace       used 41493K, capacity 42456K, committed 42584K, reserved 1085440K
  class space    used 5710K, capacity 6002K, committed 6016K, reserved 1048576K
Event: 133.454 GC heap after
Heap after GC invocations=9 (full 2):
 PSYoungGen      total 156160K, used 10717K [0x00000000eab00000, 0x00000000fc600000, 0x0000000100000000)
  eden space 142848K, 0% used [0x00000000eab00000,0x00000000eab00000,0x00000000f3680000)
  from space 13312K, 80% used [0x00000000f3680000,0x00000000f40f7740,0x00000000f4380000)
  to   space 13312K, 0% used [0x00000000fb900000,0x00000000fb900000,0x00000000fc600000)
 ParOldGen       total 116736K, used 14615K [0x00000000c0000000, 0x00000000c7200000, 0x00000000eab00000)
  object space 116736K, 12% used [0x00000000c0000000,0x00000000c0e45c30,0x00000000c7200000)
 Metaspace       used 41493K, capacity 42456K, committed 42584K, reserved 1085440K
  class space    used 5710K, capacity 6002K, committed 6016K, reserved 1048576K
}
Event: 134.792 GC heap before
{Heap before GC invocations=10 (full 2):
 PSYoungGen      total 156160K, used 153565K [0x00000000eab00000, 0x00000000fc600000, 0x0000000100000000)
  eden space 142848K, 100% used [0x00000000eab00000,0x00000000f3680000,0x00000000f3680000)
  from space 13312K, 80% used [0x00000000f3680000,0x00000000f40f7740,0x00000000f4380000)
  to   space 13312K, 0% used [0x00000000fb900000,0x00000000fb900000,0x00000000fc600000)
 ParOldGen       total 116736K, used 14615K [0x00000000c0000000, 0x00000000c7200000, 0x00000000eab00000)
  object space 116736K, 12% used [0x00000000c0000000,0x00000000c0e45c30,0x00000000c7200000)
 Metaspace       used 47409K, capacity 48530K, committed 48728K, reserved 1091584K
  class space    used 6527K, capacity 6934K, committed 7040K, reserved 1048576K
Event: 134.812 GC heap after
Heap after GC invocations=10 (full 2):
 PSYoungGen      total 271360K, used 13280K [0x00000000eab00000, 0x00000000fca00000, 0x0000000100000000)
  eden space 258048K, 0% used [0x00000000eab00000,0x00000000eab00000,0x00000000fa700000)
  from space 13312K, 99% used [0x00000000fb900000,0x00000000fc5f8010,0x00000000fc600000)
  to   space 17920K, 0% used [0x00000000fa700000,0x00000000fa700000,0x00000000fb880000)
 ParOldGen       total 116736K, used 22401K [0x00000000c0000000, 0x00000000c7200000, 0x00000000eab00000)
  object space 116736K, 19% used [0x00000000c0000000,0x00000000c15e05e0,0x00000000c7200000)
 Metaspace       used 47409K, capacity 48530K, committed 48728K, reserved 1091584K
  class space    used 6527K, capacity 6934K, committed 7040K, reserved 1048576K
}

Deoptimization events (10 events):
Event: 136.272 Thread 0x00000170e7d13800 Uncommon trap: reason=array_check action=maybe_recompile pc=0x00000170ceeb8970 method=java.util.AbstractCollection.toArray([Ljava/lang/Object;)[Ljava/lang/Object; @ 119
Event: 136.274 Thread 0x00000170e7d13800 Uncommon trap: reason=array_check action=maybe_recompile pc=0x00000170ceeb8970 method=java.util.AbstractCollection.toArray([Ljava/lang/Object;)[Ljava/lang/Object; @ 119
Event: 136.490 Thread 0x00000170e7d13800 Uncommon trap: reason=bimorphic action=maybe_recompile pc=0x00000170ceebc8c4 method=java.util.HashMap.removeNode(ILjava/lang/Object;Ljava/lang/Object;ZZ)Ljava/util/HashMap$Node; @ 143
Event: 136.518 Thread 0x00000170e7d13800 Uncommon trap: reason=unstable_if action=reinterpret pc=0x00000170ceebf560 method=com.esotericsoftware.kryo.io.Input.readInt(Z)I @ 6
Event: 136.745 Thread 0x00000170e7d13800 Uncommon trap: reason=unstable_if action=reinterpret pc=0x00000170cf782eb4 method=org.gradle.internal.logging.slf4j.OutputEventListenerBackedLogger.debug(Ljava/lang/String;Ljava/lang/Object;)V @ 4
Event: 136.801 Thread 0x00000170e0ca7000 Uncommon trap: reason=unstable_if action=reinterpret pc=0x00000170ceebdc74 method=com.esotericsoftware.kryo.io.Input.require(I)I @ 117
Event: 1568.291 Thread 0x00000170e7d15000 Uncommon trap: reason=range_check action=make_not_entrant pc=0x00000170ce69ef34 method=java.lang.String.charAt(I)C @ 27
Event: 1568.314 Thread 0x00000170e7d15000 Uncommon trap: reason=unstable_if action=reinterpret pc=0x00000170ce6bddd8 method=java.lang.Long.stringSize(J)I @ 11
Event: 1568.592 Thread 0x00000170e7d15000 Uncommon trap: reason=unstable_if action=reinterpret pc=0x00000170cf846b04 method=org.gradle.api.internal.artifacts.ivyservice.resolveengine.store.DefaultBinaryStore.write(Lorg/gradle/api/internal/cache/BinaryStore$WriteAction;)V @ 4
Event: 1568.646 Thread 0x00000170e7d15000 Uncommon trap: reason=bimorphic action=maybe_recompile pc=0x00000170cf7608c4 method=java.util.HashMap.removeNode(ILjava/lang/Object;Ljava/lang/Object;ZZ)Ljava/util/HashMap$Node; @ 143

Classes redefined (0 events):
No events

Internal exceptions (10 events):
Event: 136.117 Thread 0x00000170e7d13800 Exception <a 'java/lang/ClassNotFoundException': org/jetbrains/plugins/gradle/tooling/util/resolve/DependencyResolverImplBeanInfo> (0x00000000ef6f1698) thrown at [C:\jenkins\workspace\8-2-build-windows-amd64-cygwin\jdk8u261\295\hotspot\src\share\vm\classf
Event: 136.117 Thread 0x00000170e7d13800 Exception <a 'java/lang/ClassNotFoundException': org/jetbrains/plugins/gradle/tooling/util/resolve/DependencyResolverImplCustomizer> (0x00000000ef703948) thrown at [C:\jenkins\workspace\8-2-build-windows-amd64-cygwin\jdk8u261\295\hotspot\src\share\vm\clas
Event: 1568.581 Thread 0x00000170e7d15000 Exception <a 'java/lang/ClassNotFoundException': sync_studio_tooling2_14ck3m618wq2uavhici3rsbesBeanInfo> (0x00000000f5b4a240) thrown at [C:\jenkins\workspace\8-2-build-windows-amd64-cygwin\jdk8u261\295\hotspot\src\share\vm\classfile\systemDictionary.cpp, 
Event: 1568.582 Thread 0x00000170e7d15000 Exception <a 'java/lang/ClassNotFoundException': sync_studio_tooling2_14ck3m618wq2uavhici3rsbesCustomizer> (0x00000000f5b546e0) thrown at [C:\jenkins\workspace\8-2-build-windows-amd64-cygwin\jdk8u261\295\hotspot\src\share\vm\classfile\systemDictionary.cpp
Event: 1568.588 Thread 0x00000170e7d15000 Exception <a 'java/lang/ClassNotFoundException': sync_studio_tooling2_14ck3m618wq2uavhici3rsbes$_run_closure1BeanInfo> (0x00000000f5ba69a0) thrown at [C:\jenkins\workspace\8-2-build-windows-amd64-cygwin\jdk8u261\295\hotspot\src\share\vm\classfile\systemDi
Event: 1568.589 Thread 0x00000170e7d15000 Exception <a 'java/lang/ClassNotFoundException': sync_studio_tooling2_14ck3m618wq2uavhici3rsbes$_run_closure1Customizer> (0x00000000f5babc50) thrown at [C:\jenkins\workspace\8-2-build-windows-amd64-cygwin\jdk8u261\295\hotspot\src\share\vm\classfile\system
Event: 1568.607 Thread 0x00000170e7d15000 Exception <a 'java/lang/ClassNotFoundException': sync_studio_tooling2_14ck3m618wq2uavhici3rsbesBeanInfo> (0x00000000f5c79810) thrown at [C:\jenkins\workspace\8-2-build-windows-amd64-cygwin\jdk8u261\295\hotspot\src\share\vm\classfile\systemDictionary.cpp, 
Event: 1568.608 Thread 0x00000170e7d15000 Exception <a 'java/lang/ClassNotFoundException': sync_studio_tooling2_14ck3m618wq2uavhici3rsbesCustomizer> (0x00000000f5c83c48) thrown at [C:\jenkins\workspace\8-2-build-windows-amd64-cygwin\jdk8u261\295\hotspot\src\share\vm\classfile\systemDictionary.cpp
Event: 1568.651 Thread 0x00000170e7d15000 Exception <a 'java/lang/ClassNotFoundException': build_7gevl9s8la0uv5vm04iyta455BeanInfo> (0x00000000f5ea5700) thrown at [C:\jenkins\workspace\8-2-build-windows-amd64-cygwin\jdk8u261\295\hotspot\src\share\vm\classfile\systemDictionary.cpp, line 210]
Event: 1568.651 Thread 0x00000170e7d15000 Exception <a 'java/lang/ClassNotFoundException': build_7gevl9s8la0uv5vm04iyta455Customizer> (0x00000000f5eaea28) thrown at [C:\jenkins\workspace\8-2-build-windows-amd64-cygwin\jdk8u261\295\hotspot\src\share\vm\classfile\systemDictionary.cpp, line 210]

Events (10 events):
Event: 1568.654 loading class groovy/runtime/metaclass/build_7gevl9s8la0uv5vm04iyta455$_run_closure1$_closure2MetaClass
Event: 1568.654 loading class groovy/runtime/metaclass/build_7gevl9s8la0uv5vm04iyta455$_run_closure1$_closure2MetaClass done
Event: 1568.655 Executing VM operation: RevokeBias
Event: 1568.655 Executing VM operation: RevokeBias done
Event: 1568.655 loading class groovy/runtime/metaclass/build_7gevl9s8la0uv5vm04iyta455$_run_closure1$_closure2$_closure4MetaClass
Event: 1568.655 loading class groovy/runtime/metaclass/build_7gevl9s8la0uv5vm04iyta455$_run_closure1$_closure2$_closure4MetaClass done
Event: 1568.656 loading class groovy/runtime/metaclass/build_7gevl9s8la0uv5vm04iyta455$_run_closure1$_closure3MetaClass
Event: 1568.656 loading class groovy/runtime/metaclass/build_7gevl9s8la0uv5vm04iyta455$_run_closure1$_closure3MetaClass done
Event: 1568.659 Thread 0x00000170e7d15000 DEOPT PACKING pc=0x00000170ce61f9c6 sp=0x0000002b568faa60
Event: 1568.659 Thread 0x00000170e7d15000 DEOPT UNPACKING pc=0x00000170ce357898 sp=0x0000002b568fa898 mode 0


Dynamic libraries:
0x00007ff698e50000 - 0x00007ff698e97000 	C:\Program Files\Java\jdk1.8.0_261\bin\java.exe
0x00007ffaef2b0000 - 0x00007ffaef4a6000 	C:\Windows\SYSTEM32\ntdll.dll
0x00007ffaedfb0000 - 0x00007ffaee06d000 	C:\Windows\System32\KERNEL32.DLL
0x00007ffaecbd0000 - 0x00007ffaece98000 	C:\Windows\System32\KERNELBASE.dll
0x00007ffaed4f0000 - 0x00007ffaed59a000 	C:\Windows\System32\ADVAPI32.dll
0x00007ffaee960000 - 0x00007ffaee9fe000 	C:\Windows\System32\msvcrt.dll
0x00007ffaeea30000 - 0x00007ffaeeacb000 	C:\Windows\System32\sechost.dll
0x00007ffaef140000 - 0x00007ffaef264000 	C:\Windows\System32\RPCRT4.dll
0x00007ffaeef20000 - 0x00007ffaef0c0000 	C:\Windows\System32\USER32.dll
0x00007ffaeca00000 - 0x00007ffaeca22000 	C:\Windows\System32\win32u.dll
0x00007ffaed4c0000 - 0x00007ffaed4ea000 	C:\Windows\System32\GDI32.dll
0x00007ffaeca30000 - 0x00007ffaecb39000 	C:\Windows\System32\gdi32full.dll
0x00007ffaed180000 - 0x00007ffaed21d000 	C:\Windows\System32\msvcp_win.dll
0x00007ffaed220000 - 0x00007ffaed320000 	C:\Windows\System32\ucrtbase.dll
0x00007ffad1cb0000 - 0x00007ffad1f4b000 	C:\Windows\WinSxS\amd64_microsoft.windows.common-controls_6595b64144ccf1df_6.0.19041.488_none_ca04af081b815d21\COMCTL32.dll
0x00007ffaeea00000 - 0x00007ffaeea30000 	C:\Windows\System32\IMM32.DLL
0x00007ffae8590000 - 0x00007ffae85a5000 	C:\Program Files\Java\jdk1.8.0_261\jre\bin\vcruntime140.dll
0x00007ffac1bf0000 - 0x00007ffac1c8b000 	C:\Program Files\Java\jdk1.8.0_261\jre\bin\msvcp140.dll
0x0000000067230000 - 0x0000000067a9c000 	C:\Program Files\Java\jdk1.8.0_261\jre\bin\server\jvm.dll
0x00007ffaed8c0000 - 0x00007ffaed8c8000 	C:\Windows\System32\PSAPI.DLL
0x00007ffad5ee0000 - 0x00007ffad5f07000 	C:\Windows\SYSTEM32\WINMM.dll
0x00007ffae7c60000 - 0x00007ffae7c6a000 	C:\Windows\SYSTEM32\VERSION.dll
0x00007ffaea310000 - 0x00007ffaea319000 	C:\Windows\SYSTEM32\WSOCK32.dll
0x00007ffaeda70000 - 0x00007ffaedadb000 	C:\Windows\System32\ws2_32.DLL
0x00007ffaea970000 - 0x00007ffaea982000 	C:\Windows\SYSTEM32\kernel.appcore.dll
0x00007ffadd0d0000 - 0x00007ffadd0e0000 	C:\Program Files\Java\jdk1.8.0_261\jre\bin\verify.dll
0x00007ffadd000000 - 0x00007ffadd02b000 	C:\Program Files\Java\jdk1.8.0_261\jre\bin\java.dll
0x00007ffad0ea0000 - 0x00007ffad0eb8000 	C:\Program Files\Java\jdk1.8.0_261\jre\bin\zip.dll
0x00007ffaee220000 - 0x00007ffaee960000 	C:\Windows\System32\SHELL32.dll
0x00007ffaeab70000 - 0x00007ffaeb304000 	C:\Windows\SYSTEM32\windows.storage.dll
0x00007ffaeeb50000 - 0x00007ffaeeea5000 	C:\Windows\System32\combase.dll
0x00007ffaec390000 - 0x00007ffaec3bc000 	C:\Windows\SYSTEM32\Wldp.dll
0x00007ffaed8e0000 - 0x00007ffaed98e000 	C:\Windows\System32\SHCORE.dll
0x00007ffaed3b0000 - 0x00007ffaed405000 	C:\Windows\System32\shlwapi.dll
0x00007ffaec930000 - 0x00007ffaec956000 	C:\Windows\SYSTEM32\profapi.dll
0x00007ffad0e80000 - 0x00007ffad0e9c000 	C:\Program Files\Java\jdk1.8.0_261\jre\bin\net.dll
0x00007ffaec120000 - 0x00007ffaec18a000 	C:\Windows\system32\mswsock.dll
0x00007ffad0b20000 - 0x00007ffad0b33000 	C:\Program Files\Java\jdk1.8.0_261\jre\bin\nio.dll
0x00007ffad0610000 - 0x00007ffad062e000 	C:\Users\Isaac\.gradle\native\25\windows-amd64\native-platform.dll
0x00007ffaec2f0000 - 0x00007ffaec308000 	C:\Windows\SYSTEM32\CRYPTSP.dll
0x00007ffaebab0000 - 0x00007ffaebae4000 	C:\Windows\system32\rsaenh.dll
0x00007ffaecb40000 - 0x00007ffaecb67000 	C:\Windows\System32\bcrypt.dll
0x00007ffaec8f0000 - 0x00007ffaec91e000 	C:\Windows\SYSTEM32\USERENV.dll
0x00007ffaed050000 - 0x00007ffaed0cf000 	C:\Windows\System32\bcryptprimitives.dll
0x00007ffaec760000 - 0x00007ffaec76c000 	C:\Windows\SYSTEM32\CRYPTBASE.dll
0x00007ffaebe10000 - 0x00007ffaebe4b000 	C:\Windows\SYSTEM32\IPHLPAPI.DLL
0x00007ffaeef10000 - 0x00007ffaeef19000 	C:\Windows\System32\NSI.dll
0x00007ffae7430000 - 0x00007ffae7447000 	C:\Windows\SYSTEM32\dhcpcsvc6.DLL
0x00007ffae7410000 - 0x00007ffae742d000 	C:\Windows\SYSTEM32\dhcpcsvc.DLL
0x00007ffaebe50000 - 0x00007ffaebf1b000 	C:\Windows\SYSTEM32\DNSAPI.dll
0x00007ffacadb0000 - 0x00007ffacadbd000 	C:\Program Files\Java\jdk1.8.0_261\jre\bin\management.dll
0x00007ffade460000 - 0x00007ffade644000 	C:\Windows\SYSTEM32\dbghelp.dll

VM Arguments:
jvm_args: -XX:+HeapDumpOnOutOfMemoryError -Xmx1024m -Dfile.encoding=windows-1252 -Duser.country=BR -Duser.language=pt -Duser.variant 
java_command: org.gradle.launcher.daemon.bootstrap.GradleDaemon 3.5
java_class_path (initial): C:\Users\Isaac\.gradle\wrapper\dists\gradle-3.5-bin\daoimhu7k5rlo48ntmxw2ok3e\gradle-3.5\lib\gradle-launcher-3.5.jar
Launcher Type: SUN_STANDARD

Environment Variables:
PATH=C:\Program Files (x86)\Common Files\Oracle\Java\javapath;C:\Windows\system32;C:\Windows;C:\Windows\System32\Wbem;C:\Windows\System32\WindowsPowerShell\v1.0\;C:\Windows\System32\OpenSSH\;C:\Program Files\nodejs\;C:\Program Files\Git\cmd;C:\Program Files (x86)\Microsoft SQL Server\140\Tools\Binn\;C:\Program Files\Microsoft SQL Server\140\Tools\Binn\;C:\Program Files (x86)\Microsoft SQL Server\140\DTS\Binn\;C:\Program Files\Microsoft SQL Server\140\DTS\Binn\;C:\Program Files\Microsoft SQL Server\Client SDK\ODBC\130\Tools\Binn\;C:\Program Files (x86)\Microsoft SQL Server\150\DTS\Binn\;C:\Program Files\PuTTY\;C:\Program Files\MySQL\MySQL Shell 8.0\bin\;C:\Users\Isaac\AppData\Local\Microsoft\WindowsApps;C:\Users\Isaac\AppData\Local\GitHubDesktop\bin;C:\Users\Isaac\AppData\Roaming\npm;C:\Users\Isaac\grails-3.3.5\bin;C:\Program Files\Java\jdk1.8.0_261;
USERNAME=Isaac
OS=Windows_NT
PROCESSOR_IDENTIFIER=Intel64 Family 6 Model 158 Stepping 11, GenuineIntel



---------------  S Y S T E M  ---------------

OS: Windows 10.0 , 64 bit Build 19041 (10.0.19041.546)

CPU:total 4 (initial active 4) (4 cores per cpu, 1 threads per core) family 6 model 158 stepping 11, cmov, cx8, fxsr, mmx, sse, sse2, sse3, ssse3, sse4.1, sse4.2, popcnt, avx, avx2, aes, clmul, erms, 3dnowpref, lzcnt, tsc, tscinvbit, bmi1, bmi2, adx

Memory: 4k page, physical 15663452k(1290528k free), swap 19857756k(5332k free)

vm_info: Java HotSpot(TM) 64-Bit Server VM (25.261-b12) for windows-amd64 JRE (1.8.0_261-b12), built on Jun 18 2020 06:56:32 by "" with unknown MS VC++:1916

time: Fri Nov  6 14:00:33 2020
timezone: Hora oficial do Brasil
elapsed time: 1568 seconds (0d 0h 26m 8s)

