#
# There is insufficient memory for the Java Runtime Environment to continue.
# Native memory allocation (malloc) failed to allocate 1048576 bytes for AllocateHeap
# Possible reasons:
#   The system is out of physical RAM or swap space
#   The process is running with CompressedOops enabled, and the Java Heap may be blocking the growth of the native heap
# Possible solutions:
#   Reduce memory load on the system
#   Increase physical memory or swap space
#   Check if swap backing store is full
#   Decrease Java heap size (-Xmx/-Xms)
#   Decrease number of Java threads
#   Decrease Java thread stack sizes (-Xss)
#   Set larger code cache with -XX:ReservedCodeCacheSize=
#   JVM is running with Unscaled Compressed Oops mode in which the Java heap is
#     placed in the first 4GB address space. The Java Heap base address is the
#     maximum limit for the native heap growth. Please use -XX:HeapBaseMinAddress
#     to set the Java Heap base and to place the Java Heap above 4GB virtual address.
# This output file may be truncated or incomplete.
#
#  Out of Memory Error (memory/allocation.inline.hpp:61), pid=1948, tid=0x0000000000002f80
#
# JRE version:  (8.0_261-b12) (build )
# Java VM: Java HotSpot(TM) 64-Bit Server VM (25.261-b12 mixed mode windows-amd64 compressed oops)
# Failed to write core dump. Minidumps are not enabled by default on client versions of Windows
#

---------------  T H R E A D  ---------------

Current thread (0x0000020247fbb800):  JavaThread "Unknown thread" [_thread_in_vm, id=12160, stack(0x000000c631a00000,0x000000c631b00000)]

Stack: [0x000000c631a00000,0x000000c631b00000]
Native frames: (J=compiled Java code, j=interpreted, Vv=VM code, C=native code)
V  [jvm.dll+0x33e5f9]
V  [jvm.dll+0x2850e2]
V  [jvm.dll+0x285d8d]
V  [jvm.dll+0x27c895]
V  [jvm.dll+0x1565d]
V  [jvm.dll+0x3d87f8]
V  [jvm.dll+0x3d94ea]
V  [jvm.dll+0x3d5557]
V  [jvm.dll+0x10c61f]
V  [jvm.dll+0x21a00b]
V  [jvm.dll+0x248687]
V  [jvm.dll+0x172116]
C  [java.exe+0x2312]
C  [java.exe+0x15f64]
C  [KERNEL32.DLL+0x17034]
C  [ntdll.dll+0x4cec1]


---------------  P R O C E S S  ---------------

Java Threads: ( => current thread )

Other Threads:

=>0x0000020247fbb800 (exited) JavaThread "Unknown thread" [_thread_in_vm, id=12160, stack(0x000000c631a00000,0x000000c631b00000)]

VM state:not at safepoint (normal execution)

VM Mutex/Monitor currently owned by a thread: None

heap address: 0x00000000d0000000, size: 768 MB, Compressed Oops mode: 32-bit
Narrow klass base: 0x0000000000000000, Narrow klass shift: 3
Compressed class space size: 1073741824 Address: 0x0000000100000000

Heap:
 PSYoungGen      total 229376K, used 3932K [0x00000000f0000000, 0x0000000100000000, 0x0000000100000000)
  eden space 196608K, 2% used [0x00000000f0000000,0x00000000f03d70b0,0x00000000fc000000)
  from space 32768K, 0% used [0x00000000fe000000,0x00000000fe000000,0x0000000100000000)
  to   space 32768K, 0% used [0x00000000fc000000,0x00000000fc000000,0x00000000fe000000)
 ParOldGen       total 524288K, used 0K [0x00000000d0000000, 0x00000000f0000000, 0x00000000f0000000)
  object space 524288K, 0% used [0x00000000d0000000,0x00000000d0000000,0x00000000f0000000)
 Metaspace       used 776K, capacity 4480K, committed 4480K, reserved 1056768K
  class space    used 76K, capacity 384K, committed 384K, reserved 1048576K

Card table byte_map: [0x0000020258bc0000,0x0000020258d50000] byte_map_base: 0x0000020258540000

Marking Bits: (ParMarkBitMap*) 0x00000000671b4fb0
 Begin Bits: [0x0000020258e50000, 0x0000020259a50000)
 End Bits:   [0x0000020259a50000, 0x000002025a650000)

Polling page: 0x0000020247f20000

CodeCache: size=245760Kb used=328Kb max_used=328Kb free=245431Kb
 bounds [0x0000020249800000, 0x0000020249a70000, 0x0000020258800000]
 total_blobs=58 nmethods=0 adapters=38
 compilation: enabled

Compilation events (0 events):
No events

GC Heap History (0 events):
No events

Deoptimization events (0 events):
No events

Classes redefined (0 events):
No events

Internal exceptions (0 events):
No events

Events (10 events):
Event: 0.029 loading class java/lang/Short
Event: 0.029 loading class java/lang/Short done
Event: 0.029 loading class java/lang/Integer
Event: 0.029 loading class java/lang/Integer done
Event: 0.029 loading class java/lang/Long
Event: 0.030 loading class java/lang/Long done
Event: 0.030 loading class java/lang/NullPointerException
Event: 0.030 loading class java/lang/NullPointerException done
Event: 0.030 loading class java/lang/ArithmeticException
Event: 0.030 loading class java/lang/ArithmeticException done


Dynamic libraries:
0x00007ff698e50000 - 0x00007ff698e97000 	C:\Program Files\Java\jdk1.8.0_261\bin\java.exe
0x00007ffaef2b0000 - 0x00007ffaef4a6000 	C:\Windows\SYSTEM32\ntdll.dll
0x00007ffaedfb0000 - 0x00007ffaee06d000 	C:\Windows\System32\KERNEL32.DLL
0x00007ffaecbd0000 - 0x00007ffaece98000 	C:\Windows\System32\KERNELBASE.dll
0x00007ffaed4f0000 - 0x00007ffaed59a000 	C:\Windows\System32\ADVAPI32.dll
0x00007ffaee960000 - 0x00007ffaee9fe000 	C:\Windows\System32\msvcrt.dll
0x00007ffaeea30000 - 0x00007ffaeeacb000 	C:\Windows\System32\sechost.dll
0x00007ffaef140000 - 0x00007ffaef264000 	C:\Windows\System32\RPCRT4.dll
0x00007ffaeef20000 - 0x00007ffaef0c0000 	C:\Windows\System32\USER32.dll
0x00007ffaeca00000 - 0x00007ffaeca22000 	C:\Windows\System32\win32u.dll
0x00007ffaed4c0000 - 0x00007ffaed4ea000 	C:\Windows\System32\GDI32.dll
0x00007ffaeca30000 - 0x00007ffaecb39000 	C:\Windows\System32\gdi32full.dll
0x00007ffaed180000 - 0x00007ffaed21d000 	C:\Windows\System32\msvcp_win.dll
0x00007ffaed220000 - 0x00007ffaed320000 	C:\Windows\System32\ucrtbase.dll
0x00007ffad1cb0000 - 0x00007ffad1f4b000 	C:\Windows\WinSxS\amd64_microsoft.windows.common-controls_6595b64144ccf1df_6.0.19041.488_none_ca04af081b815d21\COMCTL32.dll
0x00007ffaeea00000 - 0x00007ffaeea30000 	C:\Windows\System32\IMM32.DLL
0x00007ffab6ab0000 - 0x00007ffab6ac5000 	C:\Program Files\Java\jdk1.8.0_261\jre\bin\vcruntime140.dll
0x00007ffaa6130000 - 0x00007ffaa61cb000 	C:\Program Files\Java\jdk1.8.0_261\jre\bin\msvcp140.dll
0x00000000669c0000 - 0x000000006722c000 	C:\Program Files\Java\jdk1.8.0_261\jre\bin\server\jvm.dll
0x00007ffaed8c0000 - 0x00007ffaed8c8000 	C:\Windows\System32\PSAPI.DLL
0x00007ffaea310000 - 0x00007ffaea319000 	C:\Windows\SYSTEM32\WSOCK32.dll
0x00007ffad5ee0000 - 0x00007ffad5f07000 	C:\Windows\SYSTEM32\WINMM.dll
0x00007ffaeda70000 - 0x00007ffaedadb000 	C:\Windows\System32\WS2_32.dll
0x00007ffae7c60000 - 0x00007ffae7c6a000 	C:\Windows\SYSTEM32\VERSION.dll
0x00007ffaea970000 - 0x00007ffaea982000 	C:\Windows\SYSTEM32\kernel.appcore.dll
0x00007ffac03f0000 - 0x00007ffac0400000 	C:\Program Files\Java\jdk1.8.0_261\jre\bin\verify.dll
0x00007ffab65b0000 - 0x00007ffab65db000 	C:\Program Files\Java\jdk1.8.0_261\jre\bin\java.dll
0x00007ffab0fa0000 - 0x00007ffab0fd2000 	C:\Program Files\Java\jdk1.8.0_261\jre\bin\instrument.dll
0x00007ffab6590000 - 0x00007ffab65a8000 	C:\Program Files\Java\jdk1.8.0_261\jre\bin\zip.dll
0x00007ffade460000 - 0x00007ffade644000 	C:\Windows\SYSTEM32\dbghelp.dll
0x00007ffaed050000 - 0x00007ffaed0cf000 	C:\Windows\System32\bcryptPrimitives.dll

VM Arguments:
jvm_args: -Dendpoints.shutdown.enabled=true -Denv=development -Dfull.stacktrace=false -Dgrails.env=development -Dgrails.full.stacktrace=false -Dinfo.app.grailsVersion=3.3.5 -Dinfo.app.name=t2 -Dinfo.app.version=0.1 -Dinteractive.mode.enabled=true -Djdk.reflect.allowGetCallerClass=true -Drun.active=true -Dspring.output.ansi.enabled=always -Dspring.profiles.active -Dspringloaded=inclusions=grails.plugins..*;synchronize=true;allowSplitPackages=true;cacheDir=C:\Users\Isaac\Documents\testes\t2\build\springloaded -Dverbose=false -XX:+TieredCompilation -XX:TieredStopAtLevel=1 -XX:CICompilerCount=3 -javaagent:C:\Users\Isaac\.gradle\caches\modules-2\files-2.1\org.springframework\springloaded\1.2.8.RELEASE\b60bac05b0451cdc1863bfec617f39aa0dcaaa43\springloaded-1.2.8.RELEASE.jar -Xverify:none -Xms768m -Xmx768m -Dfile.encoding=windows-1252 -Duser.country=BR -Duser.language=pt -Duser.variant 
java_command: t2.Application
java_class_path (initial): C:\Users\Isaac\Documents\testes\t2\src\main\resources;C:\Users\Isaac\Documents\testes\t2\grails-app\views;C:\Users\Isaac\Documents\testes\t2\grails-app\i18n;C:\Users\Isaac\Documents\testes\t2\grails-app\conf;C:\Users\Isaac\Documents\testes\t2\build\classes\main;C:\Users\Isaac\Documents\testes\t2\build\resources\main;C:\Users\Isaac\Documents\testes\t2\gsp-classes;C:\Users\Isaac\.gradle\caches\modules-2\files-2.1\org.springframework.boot\spring-boot-starter-logging\1.5.12.RELEASE\88b9a16ff87f0a7faec7848e9a5626ffbbac588f\spring-boot-starter-logging-1.5.12.RELEASE.jar;C:\Users\Isaac\.gradle\caches\modules-2\files-2.1\org.springframework.boot\spring-boot-autoconfigure\1.5.12.RELEASE\932ab2609793ebc00576cbae77085bb83e5c9008\spring-boot-autoconfigure-1.5.12.RELEASE.jar;C:\Users\Isaac\.gradle\caches\modules-2\files-2.1\org.grails\grails-core\3.3.5\8044ecc48da9a8427953ffb1b7fe0a169b5b75eb\grails-core-3.3.5.jar;C:\Users\Isaac\.gradle\caches\modules-2\files-2.1\org.springframework.boot\spring-boot-starter-actuator\1.5.12.RELEASE\492b2762b659ff66970bda22802d06e1b4ce9f5b\spring-boot-starter-actuator-1.5.12.RELEASE.jar;C:\Users\Isaac\.gradle\caches\modules-2\files-2.1\org.springframework.boot\spring-boot-starter-tomcat\1.5.12.RELEASE\a4e81f071d2b5a9c9fb5a219b361b683a8eb3d91\spring-boot-starter-tomcat-1.5.12.RELEASE.jar;C:\Users\Isaac\.gradle\caches\modules-2\files-2.1\org.grails\grails-web-boot\3.3.5\96b9ec5a3904970ecb1dd5d2d783bb54e46339f\grails-web-boot-3.3.5.jar;C:\Users\Isaac\.gradle\caches\modules-2\files-2.1\org.grails\grails-logging\3.3.5\cd27aad74b27447d2aebe1a85b4fbc89af2d3c3d\grails-logging-3.3.5.jar;C:\Users\Isaac\.gradle\caches\modules-2\files-2.1\org.grails\grails-plugin-rest\3.3.5\225fd803f4047cf880ec8c16227f38fa0e53d630\grails-plugin-rest-3.3.5.jar;C:\Users\Isaac\.gradle\caches\modules-2\files-2.1\org.grails\grails-plugin-databinding\3.3.5\91a4ae7fbd038eb5fbee5b3d6f2ae6291c562d34\grails-plugin-databinding-3.3.5.jar;C:\Users\Isaac\.gradl
Launcher Type: SUN_STANDARD

Environment Variables:
PATH=C:\Program Files (x86)\Common Files\Oracle\Java\javapath;C:\Windows\system32;C:\Windows;C:\Windows\System32\Wbem;C:\Windows\System32\WindowsPowerShell\v1.0\;C:\Windows\System32\OpenSSH\;C:\Program Files\nodejs\;C:\Program Files\Git\cmd;C:\Program Files (x86)\Microsoft SQL Server\140\Tools\Binn\;C:\Program Files\Microsoft SQL Server\140\Tools\Binn\;C:\Program Files (x86)\Microsoft SQL Server\140\DTS\Binn\;C:\Program Files\Microsoft SQL Server\140\DTS\Binn\;C:\Program Files\Microsoft SQL Server\Client SDK\ODBC\130\Tools\Binn\;C:\Program Files (x86)\Microsoft SQL Server\150\DTS\Binn\;C:\Program Files\PuTTY\;C:\Program Files\MySQL\MySQL Shell 8.0\bin\;C:\Users\Isaac\AppData\Local\Microsoft\WindowsApps;C:\Users\Isaac\AppData\Local\GitHubDesktop\bin;C:\Users\Isaac\AppData\Roaming\npm;C:\Users\Isaac\grails-3.3.5\bin;C:\Program Files\Java\jdk1.8.0_261;
USERNAME=Isaac
OS=Windows_NT
PROCESSOR_IDENTIFIER=Intel64 Family 6 Model 158 Stepping 11, GenuineIntel



---------------  S Y S T E M  ---------------

OS: Windows 10.0 , 64 bit Build 19041 (10.0.19041.546)

CPU:total 4 (initial active 4) (4 cores per cpu, 1 threads per core) family 6 model 158 stepping 11, cmov, cx8, fxsr, mmx, sse, sse2, sse3, ssse3, sse4.1, sse4.2, popcnt, avx, avx2, aes, clmul, erms, 3dnowpref, lzcnt, tsc, tscinvbit, bmi1, bmi2, adx

Memory: 4k page, physical 15663452k(1401644k free), swap 19857756k(4144k free)

vm_info: Java HotSpot(TM) 64-Bit Server VM (25.261-b12) for windows-amd64 JRE (1.8.0_261-b12), built on Jun 18 2020 06:56:32 by "" with unknown MS VC++:1916

time: Fri Nov  6 12:53:25 2020
timezone: Hora oficial do Brasil
elapsed time: 0 seconds (0d 0h 0m 0s)

